<?xml version="1.0" encoding="UTF-8"?>
<testng-results skipped="0" failed="0" ignored="0" total="1" passed="1">
  <reporter-output>
  </reporter-output>
  <suite name="Default suite" duration-ms="7847" started-at="2019-03-24T05:50:48Z" finished-at="2019-03-24T05:50:56Z">
    <groups>
    </groups>
    <test name="Default test" duration-ms="7847" started-at="2019-03-24T05:50:48Z" finished-at="2019-03-24T05:50:56Z">
      <class name="practice.RestAssuredToolsQA">
        <test-method status="PASS" signature="GetWeatherDetails()[pri:0, instance:practice.RestAssuredToolsQA@39f31e]" name="GetWeatherDetails" duration-ms="7777" started-at="2019-03-24T11:20:48Z" finished-at="2019-03-24T11:20:56Z">
          <reporter-output>
          </reporter-output>
        </test-method> <!-- GetWeatherDetails -->
      </class> <!-- practice.RestAssuredToolsQA -->
    </test> <!-- Default test -->
  </suite> <!-- Default suite -->
</testng-results>
